2024-11-27T15:33:42.532553Z 0 [Warning] [MY-010097] [Server] Insecure configuration for --secure-file-priv: Current value does not restrict location of generated files. Consider setting it to a valid, non-empty path.
2024-11-27T15:33:42.532610Z 0 [Warning] [MY-010918] [Server] 'default_authentication_plugin' is deprecated and will be removed in a future release. Please use authentication_policy instead.
2024-11-27T15:33:42.532642Z 0 [System] [MY-010116] [Server] D:\laragon\bin\mysql\mysql-8.0.30-winx64\bin\mysqld (mysqld 8.0.30) starting as process 8248
2024-11-27T15:33:42.593439Z 1 [System] [MY-013576] [InnoDB] InnoDB initialization has started.
2024-11-27T15:33:45.924423Z 1 [System] [MY-013577] [InnoDB] InnoDB initialization has ended.
2024-11-27T15:33:47.521294Z 0 [Warning] [MY-013829] [Server] Missing data directory for ICU regular expressions: D:\laragon\bin\mysql\mysql-8.0.30-winx64\lib\private\.
2024-11-27T15:33:47.710144Z 0 [Warning] [MY-010068] [Server] CA certificate ca.pem is self signed.
2024-11-27T15:33:47.712963Z 0 [System] [MY-013602] [Server] Channel mysql_main configured to support TLS. Encrypted connections are now supported for this channel.
2024-11-27T15:33:48.257807Z 0 [System] [MY-011323] [Server] X Plugin ready for connections. Bind-address: '::' port: 33060
2024-11-27T15:33:48.257889Z 0 [System] [MY-010931] [Server] D:\laragon\bin\mysql\mysql-8.0.30-winx64\bin\mysqld: ready for connections. Version: '8.0.30'  socket: ''  port: 3306  MySQL Community Server - GPL.
2024-11-27T15:39:32.518235Z 0 [Warning] [MY-010097] [Server] Insecure configuration for --secure-file-priv: Current value does not restrict location of generated files. Consider setting it to a valid, non-empty path.
2024-11-27T15:39:32.518305Z 0 [Warning] [MY-010918] [Server] 'default_authentication_plugin' is deprecated and will be removed in a future release. Please use authentication_policy instead.
2024-11-27T15:39:32.518348Z 0 [System] [MY-010116] [Server] D:\laragon\bin\mysql\mysql-8.0.30-winx64\bin\mysqld (mysqld 8.0.30) starting as process 4472
2024-11-27T15:39:32.576439Z 1 [System] [MY-013576] [InnoDB] InnoDB initialization has started.
2024-11-27T15:39:32.579115Z 1 [ERROR] [MY-012271] [InnoDB] The innodb_system data file 'ibdata1' must be writable
2024-11-27T15:39:32.579770Z 1 [ERROR] [MY-012278] [InnoDB] The innodb_system data file 'ibdata1' must be writable
2024-11-27T15:39:32.580409Z 1 [ERROR] [MY-010334] [Server] Failed to initialize DD Storage Engine
2024-11-27T15:39:32.591069Z 0 [ERROR] [MY-010020] [Server] Data Dictionary initialization failed.
2024-11-27T15:39:32.591650Z 0 [ERROR] [MY-010119] [Server] Aborting
2024-11-27T15:39:32.595679Z 0 [System] [MY-010910] [Server] D:\laragon\bin\mysql\mysql-8.0.30-winx64\bin\mysqld: Shutdown complete (mysqld 8.0.30)  MySQL Community Server - GPL.
2024-11-27T15:55:52.982646Z 8 [System] [MY-013172] [Server] Received SHUTDOWN from user root. Shutting down mysqld (Version: 8.0.30).
2024-11-27T15:55:52.983910Z 0 [System] [MY-013105] [Server] D:\laragon\bin\mysql\mysql-8.0.30-winx64\bin\mysqld: Normal shutdown.
2024-11-27T15:55:54.297230Z 0 [System] [MY-010910] [Server] D:\laragon\bin\mysql\mysql-8.0.30-winx64\bin\mysqld: Shutdown complete (mysqld 8.0.30)  MySQL Community Server - GPL.
